<?xml version="1.0" encoding="UTF-8"?>
<testng-results ignored="0" total="1" passed="1" failed="0" skipped="0">
  <reporter-output>
  </reporter-output>
  <suite started-at="2022-12-26T16:42:34 PST" name="Surefire suite" finished-at="2022-12-26T16:42:47 PST" duration-ms="13478">
    <groups>
      <group name="cucumber">
        <method signature="AbstractTestNGCucumberTests.feature(cucumber.api.testng.CucumberFeatureWrapper)[pri:0, instance:TestRunner11.TestRun11@14555e0a]" name="feature" class="cucumber.api.testng.AbstractTestNGCucumberTests"/>
      </group> <!-- cucumber -->
    </groups>
    <test started-at="2022-12-26T16:42:34 PST" name="Surefire test" finished-at="2022-12-26T16:42:47 PST" duration-ms="13478">
      <class name="TestRunner11.TestRun11">
        <test-method is-config="true" signature="Meta11_SetUp()[pri:0, instance:TestRunner11.TestRun11@14555e0a]" started-at="2022-12-26T16:42:34 PST" name="Meta11_SetUp" finished-at="2022-12-26T16:42:36 PST" duration-ms="2236" status="PASS">
          <reporter-output>
          </reporter-output>
        </test-method> <!-- Meta11_SetUp -->
        <test-method is-config="true" signature="setUpClass()[pri:0, instance:TestRunner11.TestRun11@14555e0a]" started-at="2022-12-26T16:42:36 PST" name="setUpClass" finished-at="2022-12-26T16:42:36 PST" duration-ms="131" status="PASS">
          <reporter-output>
          </reporter-output>
        </test-method> <!-- setUpClass -->
        <test-method signature="feature(cucumber.api.testng.CucumberFeatureWrapper)[pri:0, instance:TestRunner11.TestRun11@14555e0a]" started-at="2022-12-26T16:42:36 PST" name="feature" description="Runs Cucumber Feature" data-provider="features" finished-at="2022-12-26T16:42:47 PST" duration-ms="10806" status="PASS">
          <params>
            <param index="0">
              <value>
                <![CDATA[This feature is for login functionality]]>
              </value>
            </param>
          </params>
          <reporter-output>
          </reporter-output>
        </test-method> <!-- feature -->
        <test-method is-config="true" signature="tearDownClass()[pri:0, instance:TestRunner11.TestRun11@14555e0a]" started-at="2022-12-26T16:42:47 PST" name="tearDownClass" finished-at="2022-12-26T16:42:47 PST" duration-ms="6" status="PASS">
          <reporter-output>
          </reporter-output>
        </test-method> <!-- tearDownClass -->
        <test-method is-config="true" signature="meta11_closeURL()[pri:0, instance:TestRunner11.TestRun11@14555e0a]" started-at="2022-12-26T16:42:47 PST" name="meta11_closeURL" finished-at="2022-12-26T16:42:47 PST" duration-ms="186" status="PASS">
          <reporter-output>
          </reporter-output>
        </test-method> <!-- meta11_closeURL -->
      </class> <!-- TestRunner11.TestRun11 -->
    </test> <!-- Surefire test -->
  </suite> <!-- Surefire suite -->
</testng-results>
