<?xml version="1.0" encoding="UTF-8"?>
<testng-results ignored="0" total="1" passed="1" failed="0" skipped="0">
  <reporter-output>
  </reporter-output>
  <suite started-at="2022-12-26T16:35:50 PST" name="Default suite" finished-at="2022-12-26T16:36:04 PST" duration-ms="13366">
    <groups>
      <group name="cucumber">
        <method signature="AbstractTestNGCucumberTests.feature(cucumber.api.testng.CucumberFeatureWrapper)[pri:0, instance:TestRunner11.TestRun11@5890e879]" name="feature" class="cucumber.api.testng.AbstractTestNGCucumberTests"/>
      </group> <!-- cucumber -->
    </groups>
    <test started-at="2022-12-26T16:35:50 PST" name="Default test" finished-at="2022-12-26T16:36:04 PST" duration-ms="13366">
      <class name="TestRunner11.TestRun11">
        <test-method is-config="true" signature="Meta11_SetUp()[pri:0, instance:TestRunner11.TestRun11@5890e879]" started-at="2022-12-26T16:35:50 PST" name="Meta11_SetUp" finished-at="2022-12-26T16:35:53 PST" duration-ms="2187" status="PASS">
          <reporter-output>
          </reporter-output>
        </test-method> <!-- Meta11_SetUp -->
        <test-method is-config="true" signature="setUpClass()[pri:0, instance:TestRunner11.TestRun11@5890e879]" started-at="2022-12-26T16:35:53 PST" name="setUpClass" finished-at="2022-12-26T16:35:53 PST" duration-ms="124" status="PASS">
          <reporter-output>
          </reporter-output>
        </test-method> <!-- setUpClass -->
        <test-method signature="feature(cucumber.api.testng.CucumberFeatureWrapper)[pri:0, instance:TestRunner11.TestRun11@5890e879]" started-at="2022-12-26T16:35:53 PST" name="feature" description="Runs Cucumber Feature" data-provider="features" finished-at="2022-12-26T16:36:04 PST" duration-ms="10748" status="PASS">
          <params>
            <param index="0">
              <value>
                <![CDATA[This feature is for login functionality]]>
              </value>
            </param>
          </params>
          <reporter-output>
          </reporter-output>
        </test-method> <!-- feature -->
        <test-method is-config="true" signature="tearDownClass()[pri:0, instance:TestRunner11.TestRun11@5890e879]" started-at="2022-12-26T16:36:04 PST" name="tearDownClass" finished-at="2022-12-26T16:36:04 PST" duration-ms="9" status="PASS">
          <reporter-output>
          </reporter-output>
        </test-method> <!-- tearDownClass -->
        <test-method is-config="true" signature="meta11_closeURL()[pri:0, instance:TestRunner11.TestRun11@5890e879]" started-at="2022-12-26T16:36:04 PST" name="meta11_closeURL" finished-at="2022-12-26T16:36:04 PST" duration-ms="194" status="PASS">
          <reporter-output>
          </reporter-output>
        </test-method> <!-- meta11_closeURL -->
      </class> <!-- TestRunner11.TestRun11 -->
    </test> <!-- Default test -->
  </suite> <!-- Default suite -->
</testng-results>
